<?xml version="1.0" encoding="UTF-8"?>
<!-- Generated by org.testng.reporters.JUnitReportReporter -->
<testsuite hostname="AERISIN-006" name="com.qa.hubspot.tests.HomePageTest" tests="2" failures="0" timestamp="12 Jul 2019 05:32:00 GMT" time="51.197" errors="0">
  <testcase name="verifyHomePageTitleTest" time="26.087" classname="com.qa.hubspot.tests.HomePageTest"/>
  <testcase name="verifyHomePageHeaderTest" time="25.110" classname="com.qa.hubspot.tests.HomePageTest"/>
</testsuite> <!-- com.qa.hubspot.tests.HomePageTest -->
